{
  "C:/Users/Hampus/Documents/ITHS/tt-kurs/Labb3/InnerCircle-ts/frontend/src/theme.js": {
    "path": "C:/Users/Hampus/Documents/ITHS/tt-kurs/Labb3/InnerCircle-ts/frontend/src/theme.js",
    "statementMap": {
      "0": {
        "start": {
          "line": 3,
          "column": 14
        },
        "end": {
          "line": 151,
          "column": 2
        }
      },
      "1": {
        "start": {
          "line": 49,
          "column": 38
        },
        "end": {
          "line": 116,
          "column": 5
        }
      },
      "2": {
        "start": {
          "line": 121,
          "column": 38
        },
        "end": {
          "line": 147,
          "column": 5
        }
      }
    },
    "fnMap": {
      "0": {
        "name": "(anonymous_0)",
        "decl": {
          "start": {
            "line": 49,
            "column": 10
          },
          "end": {
            "line": 49,
            "column": 11
          }
        },
        "loc": {
          "start": {
            "line": 49,
            "column": 38
          },
          "end": {
            "line": 116,
            "column": 5
          }
        },
        "line": 49
      },
      "1": {
        "name": "(anonymous_1)",
        "decl": {
          "start": {
            "line": 121,
            "column": 10
          },
          "end": {
            "line": 121,
            "column": 11
          }
        },
        "loc": {
          "start": {
            "line": 121,
            "column": 38
          },
          "end": {
            "line": 147,
            "column": 5
          }
        },
        "line": 121
      }
    },
    "branchMap": {
      "0": {
        "loc": {
          "start": {
            "line": 53,
            "column": 9
          },
          "end": {
            "line": 78,
            "column": 6
          }
        },
        "type": "binary-expr",
        "locations": [
          {
            "start": {
              "line": 53,
              "column": 9
            },
            "end": {
              "line": 53,
              "column": 39
            }
          },
          {
            "start": {
              "line": 53,
              "column": 43
            },
            "end": {
              "line": 78,
              "column": 6
            }
          }
        ],
        "line": 53
      },
      "1": {
        "loc": {
          "start": {
            "line": 56,
            "column": 10
          },
          "end": {
            "line": 65,
            "column": 8
          }
        },
        "type": "binary-expr",
        "locations": [
          {
            "start": {
              "line": 56,
              "column": 10
            },
            "end": {
              "line": 56,
              "column": 30
            }
          },
          {
            "start": {
              "line": 57,
              "column": 7
            },
            "end": {
              "line": 57,
              "column": 37
            }
          },
          {
            "start": {
              "line": 57,
              "column": 41
            },
            "end": {
              "line": 65,
              "column": 8
            }
          }
        ],
        "line": 56
      },
      "2": {
        "loc": {
          "start": {
            "line": 67,
            "column": 10
          },
          "end": {
            "line": 77,
            "column": 8
          }
        },
        "type": "binary-expr",
        "locations": [
          {
            "start": {
              "line": 67,
              "column": 10
            },
            "end": {
              "line": 67,
              "column": 30
            }
          },
          {
            "start": {
              "line": 68,
              "column": 7
            },
            "end": {
              "line": 68,
              "column": 37
            }
          },
          {
            "start": {
              "line": 68,
              "column": 41
            },
            "end": {
              "line": 77,
              "column": 8
            }
          }
        ],
        "line": 67
      },
      "3": {
        "loc": {
          "start": {
            "line": 81,
            "column": 9
          },
          "end": {
            "line": 104,
            "column": 6
          }
        },
        "type": "binary-expr",
        "locations": [
          {
            "start": {
              "line": 81,
              "column": 9
            },
            "end": {
              "line": 81,
              "column": 42
            }
          },
          {
            "start": {
              "line": 81,
              "column": 46
            },
            "end": {
              "line": 104,
              "column": 6
            }
          }
        ],
        "line": 81
      },
      "4": {
        "loc": {
          "start": {
            "line": 85,
            "column": 10
          },
          "end": {
            "line": 93,
            "column": 8
          }
        },
        "type": "binary-expr",
        "locations": [
          {
            "start": {
              "line": 85,
              "column": 10
            },
            "end": {
              "line": 85,
              "column": 30
            }
          },
          {
            "start": {
              "line": 86,
              "column": 7
            },
            "end": {
              "line": 86,
              "column": 37
            }
          },
          {
            "start": {
              "line": 86,
              "column": 41
            },
            "end": {
              "line": 93,
              "column": 8
            }
          }
        ],
        "line": 85
      },
      "5": {
        "loc": {
          "start": {
            "line": 95,
            "column": 10
          },
          "end": {
            "line": 103,
            "column": 8
          }
        },
        "type": "binary-expr",
        "locations": [
          {
            "start": {
              "line": 95,
              "column": 10
            },
            "end": {
              "line": 95,
              "column": 30
            }
          },
          {
            "start": {
              "line": 96,
              "column": 7
            },
            "end": {
              "line": 96,
              "column": 37
            }
          },
          {
            "start": {
              "line": 96,
              "column": 41
            },
            "end": {
              "line": 103,
              "column": 8
            }
          }
        ],
        "line": 95
      },
      "6": {
        "loc": {
          "start": {
            "line": 107,
            "column": 9
          },
          "end": {
            "line": 115,
            "column": 6
          }
        },
        "type": "binary-expr",
        "locations": [
          {
            "start": {
              "line": 107,
              "column": 9
            },
            "end": {
              "line": 107,
              "column": 28
            }
          },
          {
            "start": {
              "line": 107,
              "column": 32
            },
            "end": {
              "line": 115,
              "column": 6
            }
          }
        ],
        "line": 107
      },
      "7": {
        "loc": {
          "start": {
            "line": 112,
            "column": 7
          },
          "end": {
            "line": 114,
            "column": 16
          }
        },
        "type": "cond-expr",
        "locations": [
          {
            "start": {
              "line": 113,
              "column": 10
            },
            "end": {
              "line": 113,
              "column": 43
            }
          },
          {
            "start": {
              "line": 114,
              "column": 10
            },
            "end": {
              "line": 114,
              "column": 16
            }
          }
        ],
        "line": 112
      },
      "8": {
        "loc": {
          "start": {
            "line": 123,
            "column": 9
          },
          "end": {
            "line": 146,
            "column": 6
          }
        },
        "type": "binary-expr",
        "locations": [
          {
            "start": {
              "line": 123,
              "column": 9
            },
            "end": {
              "line": 123,
              "column": 42
            }
          },
          {
            "start": {
              "line": 123,
              "column": 46
            },
            "end": {
              "line": 146,
              "column": 6
            }
          }
        ],
        "line": 123
      },
      "9": {
        "loc": {
          "start": {
            "line": 127,
            "column": 10
          },
          "end": {
            "line": 135,
            "column": 7
          }
        },
        "type": "binary-expr",
        "locations": [
          {
            "start": {
              "line": 127,
              "column": 10
            },
            "end": {
              "line": 127,
              "column": 40
            }
          },
          {
            "start": {
              "line": 127,
              "column": 44
            },
            "end": {
              "line": 135,
              "column": 7
            }
          }
        ],
        "line": 127
      },
      "10": {
        "loc": {
          "start": {
            "line": 137,
            "column": 10
          },
          "end": {
            "line": 145,
            "column": 7
          }
        },
        "type": "binary-expr",
        "locations": [
          {
            "start": {
              "line": 137,
              "column": 10
            },
            "end": {
              "line": 137,
              "column": 40
            }
          },
          {
            "start": {
              "line": 137,
              "column": 44
            },
            "end": {
              "line": 145,
              "column": 7
            }
          }
        ],
        "line": 137
      }
    },
    "s": {
      "0": 2,
      "1": 328,
      "2": 38
    },
    "f": {
      "0": 328,
      "1": 38
    },
    "b": {
      "0": [
        328,
        206
      ],
      "1": [
        206,
        150,
        4
      ],
      "2": [
        206,
        150,
        46
      ],
      "3": [
        328,
        122
      ],
      "4": [
        122,
        122,
        16
      ],
      "5": [
        122,
        122,
        106
      ],
      "6": [
        328,
        56
      ],
      "7": [
        0,
        56
      ],
      "8": [
        38,
        38
      ],
      "9": [
        38,
        38
      ],
      "10": [
        38,
        0
      ]
    },
    "inputSourceMap": {
      "version": 3,
      "sources": [
        "C:/Users/Hampus/Documents/ITHS/tt-kurs/Labb3/InnerCircle-ts/frontend/src/theme.js"
      ],
      "names": [],
      "mappings": "AAAA,MAAM,CAAC,CAAC,CAAC,WAAW,CAAC,CAAC,CAAC,IAAI,CAAC,CAAC,CAAC,GAAG,CAAC,GAAG,CAAC,MAAM,CAAC,CAAC;AAC9C;AACA,KAAK,CAAC,KAAK,CAAC,CAAC,CAAC,WAAW,CAAC,CAAC;AAC3B,CAAC,YAAY,CAAC,CAAC,CAAC,GAAG,CAAC,CAAC;AACrB,CAAC,UAAU,CAAC,CAAC,CAAC;AACd,CAAC,CAAC,IAAI,CAAC,CAAC,CAAC,CAAC,KAAK,CAAC,CAAC,CAAC,IAAI,CAAC,KAAK,CAAC,CAAC;AAC9B,CAAC,CAAC,CAAC;AACH,CAAC,YAAY,CAAC,CAAC,CAAC;AAChB,CAAC,CAAC,KAAK,CAAC,CAAC,CAAC;AACV,CAAC,CAAC,CAAC,OAAO,CAAC,CAAC,CAAC;AACb,CAAC,CAAC,CAAC,CAAC,OAAO,CAAC,CAAC,CAAC;AACd,CAAC,CAAC,CAAC,CAAC,CAAC,OAAO,CAAC,CAAC,CAAC,GAAG,CAAC,CAAC,CAAC,MAAM,CAAC,OAAO,CAAC,CAAC,CAAC;AACtC,CAAC,CAAC,CAAC,CAAC,CAAC,KAAK,CAAC,CAAC,CAAC,GAAG,CAAC,CAAC,CAAC,MAAM,CAAC,KAAK,CAAC,CAAC,CAAC;AAClC,CAAC,CAAC,CAAC,CAAC,CAAC,IAAI,CAAC,CAAC,CAAC,GAAG,CAAC,CAAC,CAAC,MAAM,CAAC,IAAI,CAAC,CAAC,CAAC;AAChC,CAAC,CAAC,CAAC,CAAC,CAAC,IAAI,CAAC,CAAC,CAAC,GAAG,CAAC,CAAC,CAAC,MAAM,CAAC,IAAI,CAAC,CAAC,CAAC;AAChC,CAAC,CAAC,CAAC,CAAC,CAAC,MAAM,CAAC,CAAC,CAAC,GAAG,CAAC,CAAC,CAAC,MAAM,CAAC,MAAM,CAAC,CAAC,CAAC;AACpC,CAAC,CAAC,CAAC,CAAC,CAAC,CAAC;AACN,CAAC,CAAC,CAAC,CAAC,OAAO,CAAC,CAAC,CAAC;AACd,CAAC,CAAC,CAAC,CAAC,CAAC,OAAO,CAAC,CAAC,CAAC,GAAG,CAAC,CAAC,CAAC,MAAM,CAAC,OAAO,CAAC,CAAC,CAAC;AACtC,CAAC,CAAC,CAAC,CAAC,CAAC,KAAK,CAAC,CAAC,CAAC,GAAG,CAAC,CAAC,CAAC,MAAM,CAAC,KAAK,CAAC,CAAC,CAAC;AAClC,CAAC,CAAC,CAAC,CAAC,CAAC,IAAI,CAAC,CAAC,CAAC,GAAG,CAAC,CAAC,CAAC,MAAM,CAAC,IAAI,CAAC,CAAC,CAAC;AAChC,CAAC,CAAC,CAAC,CAAC,CAAC,IAAI,CAAC,CAAC,CAAC,GAAG,CAAC,CAAC,CAAC,MAAM,CAAC,IAAI,CAAC,CAAC,CAAC;AAChC,CAAC,CAAC,CAAC,CAAC,CAAC,MAAM,CAAC,CAAC,CAAC,GAAG,CAAC,CAAC,CAAC,MAAM,CAAC,MAAM,CAAC,CAAC,CAAC;AACpC,CAAC,CAAC,CAAC,CAAC,CAAC,CAAC;AACN,CAAC,CAAC,CAAC,CAAC,CAAC;AACL,CAAC,CAAC,CAAC,CAAC;AACJ,CAAC,CAAC,IAAI,CAAC,CAAC,CAAC;AACT,CAAC,CAAC,CAAC,OAAO,CAAC,CAAC,CAAC;AACb,CAAC,CAAC,CAAC,CAAC,OAAO,CAAC,CAAC,CAAC;AACd,CAAC,CAAC,CAAC,CAAC,CAAC,OAAO,CAAC,CAAC,CAAC,GAAG,CAAC,CAAC,CAAC,MAAM,CAAC,OAAO,CAAC,CAAC,CAAC;AACtC,CAAC,CAAC,CAAC,CAAC,CAAC,KAAK,CAAC,CAAC,CAAC,GAAG,CAAC,CAAC,CAAC,MAAM,CAAC,KAAK,CAAC,CAAC,CAAC;AAClC,CAAC,CAAC,CAAC,CAAC,CAAC,IAAI,CAAC,CAAC,CAAC,GAAG,CAAC,CAAC,CAAC,MAAM,CAAC,IAAI,CAAC,CAAC,CAAC;AAChC,CAAC,CAAC,CAAC,CAAC,CAAC,IAAI,CAAC,CAAC,CAAC,GAAG,CAAC,CAAC,CAAC,MAAM,CAAC,IAAI,CAAC,CAAC,CAAC;AAChC,CAAC,CAAC,CAAC,CAAC,CAAC,MAAM,CAAC,CAAC,CAAC,GAAG,CAAC,CAAC,CAAC,MAAM,CAAC,MAAM,CAAC,CAAC,CAAC;AACpC,CAAC,CAAC,CAAC,CAAC,CAAC,CAAC;AACN,CAAC,CAAC,CAAC,CAAC,SAAS,CAAC,CAAC,CAAC;AAChB,CAAC,CAAC,CAAC,CAAC,CAAC,OAAO,CAAC,CAAC,CAAC,GAAG,CAAC,CAAC,CAAC,MAAM,CAAC,OAAO,CAAC,CAAC,CAAC;AACtC,CAAC,CAAC,CAAC,CAAC,CAAC,KAAK,CAAC,CAAC,CAAC,GAAG,CAAC,CAAC,CAAC,MAAM,CAAC,KAAK,CAAC,CAAC,CAAC;AAClC,CAAC,CAAC,CAAC,CAAC,CAAC,IAAI,CAAC,CAAC,CAAC,GAAG,CAAC,CAAC,CAAC,MAAM,CAAC,IAAI,CAAC,CAAC,CAAC;AAChC,CAAC,CAAC,CAAC,CAAC,CAAC,IAAI,CAAC,CAAC,CAAC,GAAG,CAAC,CAAC,CAAC,MAAM,CAAC,IAAI,CAAC,CAAC,CAAC;AAChC,CAAC,CAAC,CAAC,CAAC,CAAC,MAAM,CAAC,CAAC,CAAC,GAAG,CAAC,CAAC,CAAC,MAAM,CAAC,MAAM,CAAC,CAAC,CAAC;AACpC,CAAC,CAAC,CAAC,CAAC,CAAC,CAAC;AACN,CAAC,CAAC,CAAC,CAAC,CAAC;AACL,CAAC,CAAC,CAAC,CAAC;AACJ,CAAC,CAAC,CAAC;AACH,CAAC,UAAU,CAAC,CAAC,CAAC;AACd,CAAC,CAAC,SAAS,CAAC,CAAC,CAAC;AACd,CAAC,CAAC,CAAC,cAAc,CAAC,CAAC,CAAC;AACpB,CAAC,CAAC,CAAC,CAAC,IAAI,CAAC,CAAC,CAAC,CAAC,CAAC,KAAK,CAAC,CAAC,UAAU,CAAC,CAAC,CAAC,CAAC,CAAC,CAAC,CAAC,CAAC,CAAC;AACvC,CAAC,CAAC,CAAC,CAAC,CAAC,UAAU,CAAC,CAAC,KAAK,CAAC,IAAI,CAAC,UAAU,CAAC,KAAK,CAAC;AAC7C;AACA,CAAC,CAAC,CAAC,CAAC,CAAC,CAAC,CAAC,CAAC,KAAK,CAAC,OAAO;AACrB,CAAC,CAAC,CAAC,CAAC,CAAC,CAAC,CAAC,CAAC,CAAC,UAAU,CAAC,OAAO,CAAC,CAAC,CAAC,CAAC,CAAC,CAAC,KAAK,CAAC,CAAC,CAAC,CAAC,CAAC,CAAC;AAC5C,CAAC,CAAC,CAAC,CAAC,CAAC,CAAC,KAAK,CAAC,CAAC,CAAC,CAAC,GAAG,CAAC,CAAC;AACpB,CAAC,CAAC,CAAC,CAAC,CAAC,CAAC,CAAC,CAAC,CAAC,OAAO,CAAC,KAAK;AACtB,CAAC,CAAC,CAAC,CAAC,CAAC,CAAC,CAAC,CAAC,CAAC,CAAC,CAAC,UAAU,CAAC,QAAQ,CAAC,CAAC,CAAC;AACjC,CAAC,CAAC,CAAC,CAAC,CAAC,CAAC,CAAC,UAAU,CAAC,KAAK,CAAC,CAAC,CAAC,CAAC,CAAC,CAAC,OAAO,CAAC,CAAC,CAAC,CAAC,CAAC,CAAC;AAC1C,CAAC,CAAC,CAAC,CAAC,CAAC,CAAC,CAAC,CAAC,eAAe,CAAC,CAAC,KAAK,CAAC,IAAI,CAAC,OAAO,CAAC,OAAO,CAAC,IAAI,CAAC;AACzD,CAAC,CAAC,CAAC,CAAC,CAAC,CAAC,CAAC,CAAC,CAAC,CAAC,CAAC,KAAK,CAAC,CAAC,CAAC,CAAC;AACpB,CAAC,CAAC,CAAC,CAAC,CAAC,CAAC,CAAC,CAAC,CAAC,eAAe,CAAC,CAAC,KAAK,CAAC,IAAI,CAAC,OAAO,CAAC,OAAO,CAAC,IAAI,CAAC;AAC1D,CAAC,CAAC,CAAC,CAAC,CAAC,CAAC,CAAC,CAAC,CAAC,CAAC;AACV,CAAC,CAAC,CAAC,CAAC,CAAC,CAAC,CAAC,CAAC,CAAC,CAAC,CAAC,MAAM,CAAC,CAAC,CAAC,CAAC;AACrB,CAAC,CAAC,CAAC,CAAC,CAAC,CAAC,CAAC,CAAC,CAAC,eAAe,CAAC,CAAC,KAAK,CAAC,IAAI,CAAC,OAAO,CAAC,OAAO,CAAC,MAAM,CAAC;AAC5D,CAAC,CAAC,CAAC,CAAC,CAAC,CAAC,CAAC,CAAC,CAAC,CAAC;AACV,CAAC,CAAC,CAAC,CAAC,CAAC,CAAC,CAAC,CAAC,CAAC,CAAC;AACV,CAAC,CAAC,CAAC,CAAC,CAAC,CAAC,CAAC,CAAC,CAAC,SAAS,CAAC,KAAK;AACxB,CAAC,CAAC,CAAC,CAAC,CAAC,CAAC,CAAC,CAAC,CAAC,CAAC,CAAC,UAAU,CAAC,QAAQ,CAAC,CAAC,CAAC;AACjC,CAAC,CAAC,CAAC,CAAC,CAAC,CAAC,CAAC,UAAU,CAAC,KAAK,CAAC,CAAC,CAAC,CAAC,CAAC,CAAC,OAAO,CAAC,CAAC,CAAC,CAAC,CAAC,CAAC;AAC1C,CAAC,CAAC,CAAC,CAAC,CAAC,CAAC,CAAC,CAAC,KAAK,CAAC,CAAC,CAAC,GAAG,CAAC,CAAC,CAAC,MAAM,CAAC,IAAI,CAAC,CAAC,CAAC;AACpC,CAAC,CAAC,CAAC,CAAC,CAAC,CAAC,CAAC,CAAC,eAAe,CAAC,CAAC,KAAK,CAAC,IAAI,CAAC,OAAO,CAAC,SAAS,CAAC,IAAI,CAAC;AAC3D,CAAC,CAAC,CAAC,CAAC,CAAC,CAAC,CAAC,CAAC,CAAC,CAAC,CAAC,KAAK,CAAC,CAAC,CAAC,CAAC;AACpB,CAAC,CAAC,CAAC,CAAC,CAAC,CAAC,CAAC,CAAC,CAAC,eAAe,CAAC,CAAC,KAAK,CAAC,IAAI,CAAC,OAAO,CAAC,SAAS,CAAC,IAAI,CAAC;AAC5D,CAAC,CAAC,CAAC,CAAC,CAAC,CAAC,CAAC,CAAC,CAAC,CAAC;AACV,CAAC,CAAC,CAAC,CAAC,CAAC,CAAC,CAAC,CAAC,CAAC,CAAC,CAAC,MAAM,CAAC,CAAC,CAAC,CAAC;AACrB,CAAC,CAAC,CAAC,CAAC,CAAC,CAAC,CAAC,CAAC,CAAC,eAAe,CAAC,CAAC,KAAK,CAAC,IAAI,CAAC,OAAO,CAAC,SAAS,CAAC,MAAM,CAAC;AAC9D,CAAC,CAAC,CAAC,CAAC,CAAC,CAAC,CAAC,CAAC,CAAC,CAAC;AACV,CAAC,CAAC,CAAC,CAAC,CAAC,CAAC,CAAC,CAAC,CAAC,CAAC;AACV,CAAC,CAAC,CAAC,CAAC,CAAC,CAAC,CAAC,CAAC;AACR;AACA,CAAC,CAAC,CAAC,CAAC,CAAC,CAAC,CAAC,CAAC,QAAQ,CAAC,OAAO;AACxB,CAAC,CAAC,CAAC,CAAC,CAAC,CAAC,CAAC,CAAC,CAAC,UAAU,CAAC,OAAO,CAAC,CAAC,CAAC,CAAC,CAAC,CAAC,QAAQ,CAAC,CAAC,CAAC,CAAC,CAAC,CAAC;AAC/C,CAAC,CAAC,CAAC,CAAC,CAAC,CAAC,eAAe,CAAC,CAAC,CAAC,WAAW,CAAC,CAAC;AACrC,CAAC,CAAC,CAAC,CAAC,CAAC,CAAC,MAAM,CAAC,CAAC,CAAC,GAAG,CAAC,KAAK,CAAC,CAAC;AAC1B,CAAC,CAAC,CAAC,CAAC,CAAC,CAAC,CAAC,CAAC,CAAC,OAAO,CAAC,QAAQ;AACzB,CAAC,CAAC,CAAC,CAAC,CAAC,CAAC,CAAC,CAAC,CAAC,CAAC,CAAC,UAAU,CAAC,QAAQ,CAAC,CAAC,CAAC;AACjC,CAAC,CAAC,CAAC,CAAC,CAAC,CAAC,CAAC,UAAU,CAAC,KAAK,CAAC,CAAC,CAAC,CAAC,CAAC,CAAC,OAAO,CAAC,CAAC,CAAC,CAAC,CAAC,CAAC;AAC1C,CAAC,CAAC,CAAC,CAAC,CAAC,CAAC,CAAC,CAAC,WAAW,CAAC,CAAC,KAAK,CAAC,IAAI,CAAC,OAAO,CAAC,OAAO,CAAC,IAAI,CAAC;AACrD,CAAC,CAAC,CAAC,CAAC,CAAC,CAAC,CAAC,CAAC,KAAK,CAAC,CAAC,KAAK,CAAC,IAAI,CAAC,OAAO,CAAC,OAAO,CAAC,IAAI,CAAC;AAC/C,CAAC,CAAC,CAAC,CAAC,CAAC,CAAC,CAAC,CAAC,CAAC,CAAC,CAAC,KAAK,CAAC,CAAC,CAAC,CAAC;AACpB,CAAC,CAAC,CAAC,CAAC,CAAC,CAAC,CAAC,CAAC,CAAC,eAAe,CAAC,CAAC,KAAK,CAAC,IAAI,CAAC,OAAO,CAAC,OAAO,CAAC,IAAI,CAAC;AAC1D,CAAC,CAAC,CAAC,CAAC,CAAC,CAAC,CAAC,CAAC,CAAC,KAAK,CAAC,CAAC,CAAC,CAAC,GAAG,CAAC,CAAC;AACvB,CAAC,CAAC,CAAC,CAAC,CAAC,CAAC,CAAC,CAAC,CAAC,CAAC;AACV,CAAC,CAAC,CAAC,CAAC,CAAC,CAAC,CAAC,CAAC,CAAC,CAAC;AACV,CAAC,CAAC,CAAC,CAAC,CAAC,CAAC,CAAC,CAAC,CAAC,SAAS,CAAC,QAAQ;AAC3B,CAAC,CAAC,CAAC,CAAC,CAAC,CAAC,CAAC,CAAC,CAAC,CAAC,CAAC,UAAU,CAAC,QAAQ,CAAC,CAAC,CAAC;AACjC,CAAC,CAAC,CAAC,CAAC,CAAC,CAAC,CAAC,UAAU,CAAC,KAAK,CAAC,CAAC,CAAC,CAAC,CAAC,CAAC,OAAO,CAAC,CAAC,CAAC,CAAC,CAAC,CAAC;AAC1C,CAAC,CAAC,CAAC,CAAC,CAAC,CAAC,CAAC,CAAC,WAAW,CAAC,CAAC,KAAK,CAAC,IAAI,CAAC,OAAO,CAAC,SAAS,CAAC,IAAI,CAAC;AACvD,CAAC,CAAC,CAAC,CAAC,CAAC,CAAC,CAAC,CAAC,KAAK,CAAC,CAAC,KAAK,CAAC,IAAI,CAAC,OAAO,CAAC,SAAS,CAAC,IAAI,CAAC;AACjD,CAAC,CAAC,CAAC,CAAC,CAAC,CAAC,CAAC,CAAC,CAAC,CAAC,CAAC,KAAK,CAAC,CAAC,CAAC,CAAC;AACpB,CAAC,CAAC,CAAC,CAAC,CAAC,CAAC,CAAC,CAAC,CAAC,eAAe,CAAC,CAAC,KAAK,CAAC,IAAI,CAAC,OAAO,CAAC,SAAS,CAAC,IAAI,CAAC;AAC5D,CAAC,CAAC,CAAC,CAAC,CAAC,CAAC,CAAC,CAAC,CAAC,KAAK,CAAC,CAAC,CAAC,GAAG,CAAC,CAAC,CAAC,MAAM,CAAC,IAAI,CAAC,CAAC,CAAC;AACrC,CAAC,CAAC,CAAC,CAAC,CAAC,CAAC,CAAC,CAAC,CAAC,CAAC;AACV,CAAC,CAAC,CAAC,CAAC,CAAC,CAAC,CAAC,CAAC,CAAC,CAAC;AACV,CAAC,CAAC,CAAC,CAAC,CAAC,CAAC,CAAC,CAAC;AACR;AACA,CAAC,CAAC,CAAC,CAAC,CAAC,CAAC,CAAC,CAAC,QAAQ,CAAC,KAAK;AACtB,CAAC,CAAC,CAAC,CAAC,CAAC,CAAC,CAAC,CAAC,CAAC,UAAU,CAAC,QAAQ,CAAC,CAAC,CAAC,CAAC,CAAC;AACjC,CAAC,CAAC,CAAC,CAAC,CAAC,CAAC,eAAe,CAAC,CAAC,CAAC,GAAG,CAAC,CAAC,CAAC,MAAM,CAAC,MAAM,CAAC,CAAC,CAAC;AAC9C,CAAC,CAAC,CAAC,CAAC,CAAC,CAAC,KAAK,CAAC,CAAC,CAAC,GAAG,CAAC,CAAC,CAAC,MAAM,CAAC,OAAO,CAAC,CAAC,CAAC;AACrC,CAAC,CAAC,CAAC,CAAC,CAAC,CAAC,MAAM,CAAC,CAAC,CAAC,GAAG,CAAC,OAAO,CAAC,CAAC;AAC5B,CAAC,CAAC,CAAC,CAAC,CAAC,CAAC,MAAM,CAAC;AACb,CAAC,CAAC,CAAC,CAAC,CAAC,CAAC,CAAC,UAAU,CAAC,OAAO,CAAC,CAAC,CAAC,CAAC,CAAC,CAAC,QAAQ,CAAC;AACxC,CAAC,CAAC,CAAC,CAAC,CAAC,CAAC,CAAC,CAAC,CAAC,CAAC,CAAC,GAAG,CAAC,KAAK,CAAC,GAAG,CAAC,CAAC,CAAC,MAAM,CAAC,OAAO,CAAC,CAAC;AAC3C,CAAC,CAAC,CAAC,CAAC,CAAC,CAAC,CAAC,CAAC,CAAC,CAAC,CAAC,IAAI,CAAC,CAAC;AACjB,CAAC,CAAC,CAAC,CAAC,CAAC,CAAC,CAAC,CAAC;AACR,CAAC,CAAC,CAAC,CAAC,CAAC,CAAC,CAAC;AACP,CAAC,CAAC,CAAC,CAAC,CAAC;AACL,CAAC,CAAC,CAAC,CAAC;AACJ,CAAC,CAAC,aAAa,CAAC,CAAC,CAAC;AAClB,CAAC,CAAC,CAAC,cAAc,CAAC,CAAC,CAAC;AACpB,CAAC,CAAC,CAAC,CAAC,IAAI,CAAC,CAAC,CAAC,CAAC,CAAC,KAAK,CAAC,CAAC,UAAU,CAAC,CAAC,CAAC,CAAC,CAAC,CAAC,CAAC,CAAC,CAAC;AACvC,CAAC,CAAC,CAAC,CAAC,CAAC,CAAC,CAAC,CAAC,QAAQ,CAAC,OAAO;AACxB,CAAC,CAAC,CAAC,CAAC,CAAC,CAAC,CAAC,CAAC,CAAC,UAAU,CAAC,OAAO,CAAC,CAAC,CAAC,CAAC,CAAC,CAAC,QAAQ,CAAC,CAAC,CAAC,CAAC,CAAC,CAAC;AAC/C,CAAC,CAAC,CAAC,CAAC,CAAC,CAAC,eAAe,CAAC,CAAC,CAAC,WAAW,CAAC,CAAC;AACrC,CAAC,CAAC,CAAC,CAAC,CAAC,CAAC,MAAM,CAAC,CAAC,CAAC,GAAG,CAAC,KAAK,CAAC,CAAC;AAC1B,CAAC,CAAC,CAAC,CAAC,CAAC,CAAC,CAAC,CAAC,CAAC,OAAO,CAAC,QAAQ;AACzB,CAAC,CAAC,CAAC,CAAC,CAAC,CAAC,CAAC,CAAC,CAAC,CAAC,UAAU,CAAC,KAAK,CAAC,CAAC,CAAC,CAAC,CAAC,CAAC,OAAO,CAAC,CAAC,CAAC,CAAC,CAAC,CAAC;AAC7C,CAAC,CAAC,CAAC,CAAC,CAAC,CAAC,CAAC,WAAW,CAAC,CAAC,KAAK,CAAC,IAAI,CAAC,OAAO,CAAC,OAAO,CAAC,IAAI,CAAC;AACpD,CAAC,CAAC,CAAC,CAAC,CAAC,CAAC,CAAC,KAAK,CAAC,CAAC,KAAK,CAAC,IAAI,CAAC,OAAO,CAAC,OAAO,CAAC,IAAI,CAAC;AAC9C,CAAC,CAAC,CAAC,CAAC,CAAC,CAAC,CAAC,CAAC,CAAC,CAAC,IAAI,CAAC,KAAK,CAAC,CAAC,CAAC,CAAC,GAAG,CAAC,CAAC,CAAC,MAAM,CAAC,IAAI,CAAC,CAAC,CAAC;AAC5C,CAAC,CAAC,CAAC,CAAC,CAAC,CAAC,CAAC,CAAC,CAAC,CAAC,KAAK,CAAC,CAAC,CAAC,CAAC;AACnB,CAAC,CAAC,CAAC,CAAC,CAAC,CAAC,CAAC,CAAC,eAAe,CAAC,CAAC,KAAK,CAAC,IAAI,CAAC,OAAO,CAAC,OAAO,CAAC,KAAK,CAAC;AAC1D,CAAC,CAAC,CAAC,CAAC,CAAC,CAAC,CAAC,CAAC,KAAK,CAAC,CAAC,KAAK,CAAC,IAAI,CAAC,OAAO,CAAC,OAAO,CAAC,IAAI,CAAC;AAC/C,CAAC,CAAC,CAAC,CAAC,CAAC,CAAC,CAAC,CAAC,CAAC;AACT,CAAC,CAAC,CAAC,CAAC,CAAC,CAAC,CAAC,CAAC,CAAC;AACT,CAAC,CAAC,CAAC,CAAC,CAAC,CAAC,CAAC,CAAC,CAAC,SAAS,CAAC,QAAQ;AAC3B,CAAC,CAAC,CAAC,CAAC,CAAC,CAAC,CAAC,CAAC,CAAC,CAAC,UAAU,CAAC,KAAK,CAAC,CAAC,CAAC,CAAC,CAAC,CAAC,OAAO,CAAC,CAAC,CAAC,CAAC,CAAC,CAAC;AAC7C,CAAC,CAAC,CAAC,CAAC,CAAC,CAAC,CAAC,WAAW,CAAC,CAAC,KAAK,CAAC,IAAI,CAAC,OAAO,CAAC,SAAS,CAAC,IAAI,CAAC;AACtD,CAAC,CAAC,CAAC,CAAC,CAAC,CAAC,CAAC,KAAK,CAAC,CAAC,KAAK,CAAC,IAAI,CAAC,OAAO,CAAC,SAAS,CAAC,IAAI,CAAC;AAChD,CAAC,CAAC,CAAC,CAAC,CAAC,CAAC,CAAC,CAAC,CAAC,CAAC,KAAK,CAAC,CAAC,CAAC,CAAC;AACnB,CAAC,CAAC,CAAC,CAAC,CAAC,CAAC,CAAC,CAAC,eAAe,CAAC,CAAC,KAAK,CAAC,IAAI,CAAC,OAAO,CAAC,SAAS,CAAC,IAAI,CAAC;AAC3D,CAAC,CAAC,CAAC,CAAC,CAAC,CAAC,CAAC,CAAC,KAAK,CAAC,CAAC,CAAC,GAAG,CAAC,CAAC,CAAC,MAAM,CAAC,IAAI,CAAC,CAAC,CAAC;AACpC,CAAC,CAAC,CAAC,CAAC,CAAC,CAAC,CAAC,CAAC,CAAC,CAAC,CAAC,IAAI,CAAC,KAAK,CAAC,CAAC,CAAC,CAAC,GAAG,CAAC,CAAC,CAAC,MAAM,CAAC,IAAI,CAAC,CAAC,CAAC;AAC7C,CAAC,CAAC,CAAC,CAAC,CAAC,CAAC,CAAC,CAAC,CAAC;AACT,CAAC,CAAC,CAAC,CAAC,CAAC,CAAC,CAAC,CAAC,CAAC;AACT,CAAC,CAAC,CAAC,CAAC,CAAC,CAAC,CAAC,CAAC;AACR,CAAC,CAAC,CAAC,CAAC,CAAC,CAAC,CAAC;AACP,CAAC,CAAC,CAAC,CAAC,CAAC;AACL,CAAC,CAAC,CAAC,CAAC;AACJ,CAAC,CAAC,CAAC;AACH,CAAC,CAAC,CAAC;AACH;AACA,MAAM,CAAC,OAAO,CAAC,KAAK,CAAC;"
    },
    "_coverageSchema": "1a1c01bbd47fc00a2c39e90264f33305004495a9",
    "hash": "5b238b57ef05e50d5663a59f5f6834e00db5d1da"
  },
  "C:/Users/Hampus/Documents/ITHS/tt-kurs/Labb3/InnerCircle-ts/frontend/src/contexts/UserContext.ts": {
    "path": "C:/Users/Hampus/Documents/ITHS/tt-kurs/Labb3/InnerCircle-ts/frontend/src/contexts/UserContext.ts",
    "statementMap": {
      "0": {
        "start": {
          "line": 2,
          "column": 27
        },
        "end": {
          "line": 2,
          "column": 46
        }
      }
    },
    "fnMap": {},
    "branchMap": {},
    "s": {
      "0": 2
    },
    "f": {},
    "b": {},
    "inputSourceMap": {
      "version": 3,
      "sources": [
        "C:/Users/Hampus/Documents/ITHS/tt-kurs/Labb3/InnerCircle-ts/frontend/src/contexts/UserContext.ts"
      ],
      "mappings": "AAAA,SAAS,qBAAqB;AAQvB,aAAM,cAAc,cAAsC,IAAI;",
      "names": []
    },
    "_coverageSchema": "1a1c01bbd47fc00a2c39e90264f33305004495a9",
    "hash": "b4fe1f672542acd6516f06c5c3011e8deb5fb2c7"
  },
  "C:/Users/Hampus/Documents/ITHS/tt-kurs/Labb3/InnerCircle-ts/frontend/src/hooks/useUser.ts": {
    "path": "C:/Users/Hampus/Documents/ITHS/tt-kurs/Labb3/InnerCircle-ts/frontend/src/hooks/useUser.ts",
    "statementMap": {
      "0": {
        "start": {
          "line": 3,
          "column": 23
        },
        "end": {
          "line": 9,
          "column": 1
        }
      },
      "1": {
        "start": {
          "line": 4,
          "column": 18
        },
        "end": {
          "line": 4,
          "column": 41
        }
      },
      "2": {
        "start": {
          "line": 5,
          "column": 2
        },
        "end": {
          "line": 7,
          "column": 3
        }
      },
      "3": {
        "start": {
          "line": 6,
          "column": 4
        },
        "end": {
          "line": 6,
          "column": 66
        }
      },
      "4": {
        "start": {
          "line": 8,
          "column": 2
        },
        "end": {
          "line": 8,
          "column": 17
        }
      }
    },
    "fnMap": {
      "0": {
        "name": "(anonymous_0)",
        "decl": {
          "start": {
            "line": 3,
            "column": 23
          },
          "end": {
            "line": 3,
            "column": 24
          }
        },
        "loc": {
          "start": {
            "line": 3,
            "column": 29
          },
          "end": {
            "line": 9,
            "column": 1
          }
        },
        "line": 3
      }
    },
    "branchMap": {
      "0": {
        "loc": {
          "start": {
            "line": 5,
            "column": 2
          },
          "end": {
            "line": 7,
            "column": 3
          }
        },
        "type": "if",
        "locations": [
          {
            "start": {
              "line": 5,
              "column": 2
            },
            "end": {
              "line": 7,
              "column": 3
            }
          },
          {
            "start": {},
            "end": {}
          }
        ],
        "line": 5
      }
    },
    "s": {
      "0": 2,
      "1": 280,
      "2": 280,
      "3": 0,
      "4": 280
    },
    "f": {
      "0": 280
    },
    "b": {
      "0": [
        0,
        280
      ]
    },
    "inputSourceMap": {
      "version": 3,
      "sources": [
        "C:/Users/Hampus/Documents/ITHS/tt-kurs/Labb3/InnerCircle-ts/frontend/src/hooks/useUser.ts"
      ],
      "mappings": "AAAA,SAAS,kBAAkB;AAC3B,SAAS,mBAAmB;AAErB,aAAM,UAAU,MAAM;AAC5B,QAAM,UAAU,WAAW,WAAW;AACtC,MAAI,CAAC,SAAS;AACb,UAAM,IAAI,MAAM,4CAA4C;AAAA,EAC7D;AACA,SAAO;AACR;",
      "names": []
    },
    "_coverageSchema": "1a1c01bbd47fc00a2c39e90264f33305004495a9",
    "hash": "f6fd6ce351f1d66b55c53131d2da8a1c08451d7e"
  },
  "C:/Users/Hampus/Documents/ITHS/tt-kurs/Labb3/InnerCircle-ts/frontend/src/components/Signup.tsx": {
    "path": "C:/Users/Hampus/Documents/ITHS/tt-kurs/Labb3/InnerCircle-ts/frontend/src/components/Signup.tsx",
    "statementMap": {
      "0": {
        "start": {
          "line": 2,
          "column": 9
        },
        "end": {
          "line": 2,
          "column": 23
        }
      },
      "1": {
        "start": {
          "line": 16,
          "column": 20
        },
        "end": {
          "line": 16,
          "column": 48
        }
      },
      "2": {
        "start": {
          "line": 17,
          "column": 18
        },
        "end": {
          "line": 17,
          "column": 78
        }
      },
      "3": {
        "start": {
          "line": 18,
          "column": 15
        },
        "end": {
          "line": 412,
          "column": 1
        }
      },
      "4": {
        "start": {
          "line": 19,
          "column": 2
        },
        "end": {
          "line": 19,
          "column": 7
        }
      },
      "5": {
        "start": {
          "line": 20,
          "column": 34
        },
        "end": {
          "line": 20,
          "column": 46
        }
      },
      "6": {
        "start": {
          "line": 21,
          "column": 36
        },
        "end": {
          "line": 21,
          "column": 51
        }
      },
      "7": {
        "start": {
          "line": 22,
          "column": 36
        },
        "end": {
          "line": 22,
          "column": 51
        }
      },
      "8": {
        "start": {
          "line": 23,
          "column": 28
        },
        "end": {
          "line": 23,
          "column": 40
        }
      },
      "9": {
        "start": {
          "line": 24,
          "column": 38
        },
        "end": {
          "line": 24,
          "column": 53
        }
      },
      "10": {
        "start": {
          "line": 25,
          "column": 38
        },
        "end": {
          "line": 25,
          "column": 53
        }
      },
      "11": {
        "start": {
          "line": 26,
          "column": 24
        },
        "end": {
          "line": 26,
          "column": 36
        }
      },
      "12": {
        "start": {
          "line": 27,
          "column": 34
        },
        "end": {
          "line": 27,
          "column": 49
        }
      },
      "13": {
        "start": {
          "line": 28,
          "column": 34
        },
        "end": {
          "line": 28,
          "column": 49
        }
      },
      "14": {
        "start": {
          "line": 29,
          "column": 34
        },
        "end": {
          "line": 29,
          "column": 46
        }
      },
      "15": {
        "start": {
          "line": 30,
          "column": 38
        },
        "end": {
          "line": 30,
          "column": 53
        }
      },
      "16": {
        "start": {
          "line": 31,
          "column": 39
        },
        "end": {
          "line": 31,
          "column": 54
        }
      },
      "17": {
        "start": {
          "line": 32,
          "column": 42
        },
        "end": {
          "line": 32,
          "column": 56
        }
      },
      "18": {
        "start": {
          "line": 33,
          "column": 44
        },
        "end": {
          "line": 33,
          "column": 59
        }
      },
      "19": {
        "start": {
          "line": 34,
          "column": 28
        },
        "end": {
          "line": 34,
          "column": 40
        }
      },
      "20": {
        "start": {
          "line": 35,
          "column": 20
        },
        "end": {
          "line": 35,
          "column": 29
        }
      },
      "21": {
        "start": {
          "line": 36,
          "column": 19
        },
        "end": {
          "line": 36,
          "column": 32
        }
      },
      "22": {
        "start": {
          "line": 37,
          "column": 40
        },
        "end": {
          "line": 84,
          "column": 10
        }
      },
      "23": {
        "start": {
          "line": 85,
          "column": 2
        },
        "end": {
          "line": 88,
          "column": 17
        }
      },
      "24": {
        "start": {
          "line": 86,
          "column": 19
        },
        "end": {
          "line": 86,
          "column": 39
        }
      },
      "25": {
        "start": {
          "line": 87,
          "column": 4
        },
        "end": {
          "line": 87,
          "column": 25
        }
      },
      "26": {
        "start": {
          "line": 89,
          "column": 2
        },
        "end": {
          "line": 92,
          "column": 14
        }
      },
      "27": {
        "start": {
          "line": 90,
          "column": 19
        },
        "end": {
          "line": 90,
          "column": 42
        }
      },
      "28": {
        "start": {
          "line": 91,
          "column": 4
        },
        "end": {
          "line": 91,
          "column": 26
        }
      },
      "29": {
        "start": {
          "line": 93,
          "column": 2
        },
        "end": {
          "line": 98,
          "column": 22
        }
      },
      "30": {
        "start": {
          "line": 94,
          "column": 19
        },
        "end": {
          "line": 94,
          "column": 38
        }
      },
      "31": {
        "start": {
          "line": 95,
          "column": 4
        },
        "end": {
          "line": 95,
          "column": 24
        }
      },
      "32": {
        "start": {
          "line": 96,
          "column": 18
        },
        "end": {
          "line": 96,
          "column": 34
        }
      },
      "33": {
        "start": {
          "line": 97,
          "column": 4
        },
        "end": {
          "line": 97,
          "column": 25
        }
      },
      "34": {
        "start": {
          "line": 100,
          "column": 4
        },
        "end": {
          "line": 124,
          "column": 5
        }
      },
      "35": {
        "start": {
          "line": 101,
          "column": 23
        },
        "end": {
          "line": 107,
          "column": 8
        }
      },
      "36": {
        "start": {
          "line": 108,
          "column": 21
        },
        "end": {
          "line": 108,
          "column": 42
        }
      },
      "37": {
        "start": {
          "line": 109,
          "column": 6
        },
        "end": {
          "line": 112,
          "column": 7
        }
      },
      "38": {
        "start": {
          "line": 110,
          "column": 8
        },
        "end": {
          "line": 110,
          "column": 50
        }
      },
      "39": {
        "start": {
          "line": 111,
          "column": 8
        },
        "end": {
          "line": 111,
          "column": 15
        }
      },
      "40": {
        "start": {
          "line": 113,
          "column": 6
        },
        "end": {
          "line": 119,
          "column": 7
        }
      },
      "41": {
        "start": {
          "line": 114,
          "column": 8
        },
        "end": {
          "line": 114,
          "column": 36
        }
      },
      "42": {
        "start": {
          "line": 115,
          "column": 8
        },
        "end": {
          "line": 115,
          "column": 28
        }
      },
      "43": {
        "start": {
          "line": 116,
          "column": 8
        },
        "end": {
          "line": 118,
          "column": 28
        }
      },
      "44": {
        "start": {
          "line": 116,
          "column": 40
        },
        "end": {
          "line": 116,
          "column": 59
        }
      },
      "45": {
        "start": {
          "line": 118,
          "column": 10
        },
        "end": {
          "line": 118,
          "column": 28
        }
      },
      "46": {
        "start": {
          "line": 120,
          "column": 6
        },
        "end": {
          "line": 120,
          "column": 18
        }
      },
      "47": {
        "start": {
          "line": 122,
          "column": 6
        },
        "end": {
          "line": 122,
          "column": 45
        }
      },
      "48": {
        "start": {
          "line": 123,
          "column": 6
        },
        "end": {
          "line": 123,
          "column": 47
        }
      },
      "49": {
        "start": {
          "line": 127,
          "column": 4
        },
        "end": {
          "line": 127,
          "column": 20
        }
      },
      "50": {
        "start": {
          "line": 128,
          "column": 4
        },
        "end": {
          "line": 128,
          "column": 17
        }
      },
      "51": {
        "start": {
          "line": 129,
          "column": 4
        },
        "end": {
          "line": 129,
          "column": 15
        }
      },
      "52": {
        "start": {
          "line": 130,
          "column": 4
        },
        "end": {
          "line": 130,
          "column": 20
        }
      },
      "53": {
        "start": {
          "line": 131,
          "column": 4
        },
        "end": {
          "line": 131,
          "column": 27
        }
      },
      "54": {
        "start": {
          "line": 132,
          "column": 4
        },
        "end": {
          "line": 132,
          "column": 28
        }
      },
      "55": {
        "start": {
          "line": 133,
          "column": 4
        },
        "end": {
          "line": 133,
          "column": 17
        }
      },
      "56": {
        "start": {
          "line": 134,
          "column": 4
        },
        "end": {
          "line": 134,
          "column": 24
        }
      },
      "57": {
        "start": {
          "line": 135,
          "column": 4
        },
        "end": {
          "line": 135,
          "column": 25
        }
      },
      "58": {
        "start": {
          "line": 136,
          "column": 4
        },
        "end": {
          "line": 136,
          "column": 23
        }
      },
      "59": {
        "start": {
          "line": 137,
          "column": 4
        },
        "end": {
          "line": 137,
          "column": 25
        }
      },
      "60": {
        "start": {
          "line": 138,
          "column": 4
        },
        "end": {
          "line": 138,
          "column": 24
        }
      },
      "61": {
        "start": {
          "line": 139,
          "column": 4
        },
        "end": {
          "line": 139,
          "column": 25
        }
      },
      "62": {
        "start": {
          "line": 140,
          "column": 4
        },
        "end": {
          "line": 140,
          "column": 23
        }
      },
      "63": {
        "start": {
          "line": 141,
          "column": 4
        },
        "end": {
          "line": 141,
          "column": 25
        }
      },
      "64": {
        "start": {
          "line": 143,
          "column": 30
        },
        "end": {
          "line": 145,
          "column": 3
        }
      },
      "65": {
        "start": {
          "line": 144,
          "column": 4
        },
        "end": {
          "line": 144,
          "column": 24
        }
      },
      "66": {
        "start": {
          "line": 146,
          "column": 2
        },
        "end": {
          "line": 411,
          "column": 4
        }
      },
      "67": {
        "start": {
          "line": 163,
          "column": 14
        },
        "end": {
          "line": 163,
          "column": 37
        }
      },
      "68": {
        "start": {
          "line": 164,
          "column": 31
        },
        "end": {
          "line": 164,
          "column": 64
        }
      },
      "69": {
        "start": {
          "line": 165,
          "column": 31
        },
        "end": {
          "line": 167,
          "column": 15
        }
      },
      "70": {
        "start": {
          "line": 168,
          "column": 14
        },
        "end": {
          "line": 168,
          "column": 31
        }
      },
      "71": {
        "start": {
          "line": 186,
          "column": 37
        },
        "end": {
          "line": 186,
          "column": 71
        }
      },
      "72": {
        "start": {
          "line": 187,
          "column": 35
        },
        "end": {
          "line": 187,
          "column": 53
        }
      },
      "73": {
        "start": {
          "line": 188,
          "column": 34
        },
        "end": {
          "line": 188,
          "column": 53
        }
      },
      "74": {
        "start": {
          "line": 222,
          "column": 37
        },
        "end": {
          "line": 222,
          "column": 61
        }
      },
      "75": {
        "start": {
          "line": 223,
          "column": 35
        },
        "end": {
          "line": 223,
          "column": 54
        }
      },
      "76": {
        "start": {
          "line": 224,
          "column": 34
        },
        "end": {
          "line": 224,
          "column": 54
        }
      },
      "77": {
        "start": {
          "line": 258,
          "column": 37
        },
        "end": {
          "line": 258,
          "column": 59
        }
      },
      "78": {
        "start": {
          "line": 260,
          "column": 22
        },
        "end": {
          "line": 260,
          "column": 41
        }
      },
      "79": {
        "start": {
          "line": 261,
          "column": 22
        },
        "end": {
          "line": 261,
          "column": 45
        }
      },
      "80": {
        "start": {
          "line": 264,
          "column": 22
        },
        "end": {
          "line": 264,
          "column": 40
        }
      },
      "81": {
        "start": {
          "line": 265,
          "column": 22
        },
        "end": {
          "line": 265,
          "column": 44
        }
      },
      "82": {
        "start": {
          "line": 300,
          "column": 37
        },
        "end": {
          "line": 300,
          "column": 64
        }
      },
      "83": {
        "start": {
          "line": 301,
          "column": 34
        },
        "end": {
          "line": 301,
          "column": 54
        }
      },
      "84": {
        "start": {
          "line": 302,
          "column": 35
        },
        "end": {
          "line": 302,
          "column": 54
        }
      },
      "85": {
        "start": {
          "line": 334,
          "column": 35
        },
        "end": {
          "line": 334,
          "column": 69
        }
      },
      "86": {
        "start": {
          "line": 413,
          "column": 0
        },
        "end": {
          "line": 415,
          "column": 3
        }
      },
      "87": {
        "start": {
          "line": 414,
          "column": 2
        },
        "end": {
          "line": 414,
          "column": 32
        }
      },
      "88": {
        "start": {
          "line": 416,
          "column": 0
        },
        "end": {
          "line": 416,
          "column": 12
        }
      },
      "89": {
        "start": {
          "line": 419,
          "column": 0
        },
        "end": {
          "line": 419,
          "column": 27
        }
      },
      "90": {
        "start": {
          "line": 421,
          "column": 20
        },
        "end": {
          "line": 421,
          "column": 97
        }
      },
      "91": {
        "start": {
          "line": 422,
          "column": 0
        },
        "end": {
          "line": 436,
          "column": 1
        }
      },
      "92": {
        "start": {
          "line": 423,
          "column": 2
        },
        "end": {
          "line": 427,
          "column": 3
        }
      },
      "93": {
        "start": {
          "line": 424,
          "column": 4
        },
        "end": {
          "line": 426,
          "column": 6
        }
      },
      "94": {
        "start": {
          "line": 428,
          "column": 2
        },
        "end": {
          "line": 435,
          "column": 5
        }
      },
      "95": {
        "start": {
          "line": 429,
          "column": 4
        },
        "end": {
          "line": 429,
          "column": 164
        }
      },
      "96": {
        "start": {
          "line": 430,
          "column": 4
        },
        "end": {
          "line": 434,
          "column": 7
        }
      },
      "97": {
        "start": {
          "line": 431,
          "column": 6
        },
        "end": {
          "line": 431,
          "column": 31
        }
      },
      "98": {
        "start": {
          "line": 431,
          "column": 24
        },
        "end": {
          "line": 431,
          "column": 31
        }
      },
      "99": {
        "start": {
          "line": 432,
          "column": 32
        },
        "end": {
          "line": 432,
          "column": 213
        }
      },
      "100": {
        "start": {
          "line": 433,
          "column": 6
        },
        "end": {
          "line": 433,
          "column": 75
        }
      },
      "101": {
        "start": {
          "line": 433,
          "column": 29
        },
        "end": {
          "line": 433,
          "column": 75
        }
      },
      "102": {
        "start": {
          "line": 438,
          "column": 2
        },
        "end": {
          "line": 438,
          "column": 143
        }
      },
      "103": {
        "start": {
          "line": 441,
          "column": 2
        },
        "end": {
          "line": 441,
          "column": 62
        }
      }
    },
    "fnMap": {
      "0": {
        "name": "(anonymous_0)",
        "decl": {
          "start": {
            "line": 18,
            "column": 15
          },
          "end": {
            "line": 18,
            "column": 16
          }
        },
        "loc": {
          "start": {
            "line": 18,
            "column": 26
          },
          "end": {
            "line": 412,
            "column": 1
          }
        },
        "line": 18
      },
      "1": {
        "name": "(anonymous_1)",
        "decl": {
          "start": {
            "line": 85,
            "column": 12
          },
          "end": {
            "line": 85,
            "column": 13
          }
        },
        "loc": {
          "start": {
            "line": 85,
            "column": 18
          },
          "end": {
            "line": 88,
            "column": 3
          }
        },
        "line": 85
      },
      "2": {
        "name": "(anonymous_2)",
        "decl": {
          "start": {
            "line": 89,
            "column": 12
          },
          "end": {
            "line": 89,
            "column": 13
          }
        },
        "loc": {
          "start": {
            "line": 89,
            "column": 18
          },
          "end": {
            "line": 92,
            "column": 3
          }
        },
        "line": 89
      },
      "3": {
        "name": "(anonymous_3)",
        "decl": {
          "start": {
            "line": 93,
            "column": 12
          },
          "end": {
            "line": 93,
            "column": 13
          }
        },
        "loc": {
          "start": {
            "line": 93,
            "column": 18
          },
          "end": {
            "line": 98,
            "column": 3
          }
        },
        "line": 93
      },
      "4": {
        "name": "signUp",
        "decl": {
          "start": {
            "line": 99,
            "column": 17
          },
          "end": {
            "line": 99,
            "column": 23
          }
        },
        "loc": {
          "start": {
            "line": 99,
            "column": 34
          },
          "end": {
            "line": 125,
            "column": 3
          }
        },
        "line": 99
      },
      "5": {
        "name": "resetForm",
        "decl": {
          "start": {
            "line": 126,
            "column": 11
          },
          "end": {
            "line": 126,
            "column": 20
          }
        },
        "loc": {
          "start": {
            "line": 126,
            "column": 23
          },
          "end": {
            "line": 142,
            "column": 3
          }
        },
        "line": 126
      },
      "6": {
        "name": "(anonymous_6)",
        "decl": {
          "start": {
            "line": 143,
            "column": 30
          },
          "end": {
            "line": 143,
            "column": 31
          }
        },
        "loc": {
          "start": {
            "line": 143,
            "column": 36
          },
          "end": {
            "line": 145,
            "column": 3
          }
        },
        "line": 143
      },
      "7": {
        "name": "(anonymous_7)",
        "decl": {
          "start": {
            "line": 162,
            "column": 22
          },
          "end": {
            "line": 162,
            "column": 23
          }
        },
        "loc": {
          "start": {
            "line": 162,
            "column": 33
          },
          "end": {
            "line": 169,
            "column": 13
          }
        },
        "line": 162
      },
      "8": {
        "name": "(anonymous_8)",
        "decl": {
          "start": {
            "line": 186,
            "column": 30
          },
          "end": {
            "line": 186,
            "column": 31
          }
        },
        "loc": {
          "start": {
            "line": 186,
            "column": 37
          },
          "end": {
            "line": 186,
            "column": 71
          }
        },
        "line": 186
      },
      "9": {
        "name": "(anonymous_9)",
        "decl": {
          "start": {
            "line": 187,
            "column": 29
          },
          "end": {
            "line": 187,
            "column": 30
          }
        },
        "loc": {
          "start": {
            "line": 187,
            "column": 35
          },
          "end": {
            "line": 187,
            "column": 53
          }
        },
        "line": 187
      },
      "10": {
        "name": "(anonymous_10)",
        "decl": {
          "start": {
            "line": 188,
            "column": 28
          },
          "end": {
            "line": 188,
            "column": 29
          }
        },
        "loc": {
          "start": {
            "line": 188,
            "column": 34
          },
          "end": {
            "line": 188,
            "column": 53
          }
        },
        "line": 188
      },
      "11": {
        "name": "(anonymous_11)",
        "decl": {
          "start": {
            "line": 222,
            "column": 30
          },
          "end": {
            "line": 222,
            "column": 31
          }
        },
        "loc": {
          "start": {
            "line": 222,
            "column": 37
          },
          "end": {
            "line": 222,
            "column": 61
          }
        },
        "line": 222
      },
      "12": {
        "name": "(anonymous_12)",
        "decl": {
          "start": {
            "line": 223,
            "column": 29
          },
          "end": {
            "line": 223,
            "column": 30
          }
        },
        "loc": {
          "start": {
            "line": 223,
            "column": 35
          },
          "end": {
            "line": 223,
            "column": 54
          }
        },
        "line": 223
      },
      "13": {
        "name": "(anonymous_13)",
        "decl": {
          "start": {
            "line": 224,
            "column": 28
          },
          "end": {
            "line": 224,
            "column": 29
          }
        },
        "loc": {
          "start": {
            "line": 224,
            "column": 34
          },
          "end": {
            "line": 224,
            "column": 54
          }
        },
        "line": 224
      },
      "14": {
        "name": "(anonymous_14)",
        "decl": {
          "start": {
            "line": 258,
            "column": 30
          },
          "end": {
            "line": 258,
            "column": 31
          }
        },
        "loc": {
          "start": {
            "line": 258,
            "column": 37
          },
          "end": {
            "line": 258,
            "column": 59
          }
        },
        "line": 258
      },
      "15": {
        "name": "(anonymous_15)",
        "decl": {
          "start": {
            "line": 259,
            "column": 28
          },
          "end": {
            "line": 259,
            "column": 29
          }
        },
        "loc": {
          "start": {
            "line": 259,
            "column": 34
          },
          "end": {
            "line": 262,
            "column": 21
          }
        },
        "line": 259
      },
      "16": {
        "name": "(anonymous_16)",
        "decl": {
          "start": {
            "line": 263,
            "column": 29
          },
          "end": {
            "line": 263,
            "column": 30
          }
        },
        "loc": {
          "start": {
            "line": 263,
            "column": 35
          },
          "end": {
            "line": 266,
            "column": 21
          }
        },
        "line": 263
      },
      "17": {
        "name": "(anonymous_17)",
        "decl": {
          "start": {
            "line": 300,
            "column": 30
          },
          "end": {
            "line": 300,
            "column": 31
          }
        },
        "loc": {
          "start": {
            "line": 300,
            "column": 37
          },
          "end": {
            "line": 300,
            "column": 64
          }
        },
        "line": 300
      },
      "18": {
        "name": "(anonymous_18)",
        "decl": {
          "start": {
            "line": 301,
            "column": 28
          },
          "end": {
            "line": 301,
            "column": 29
          }
        },
        "loc": {
          "start": {
            "line": 301,
            "column": 34
          },
          "end": {
            "line": 301,
            "column": 54
          }
        },
        "line": 301
      },
      "19": {
        "name": "(anonymous_19)",
        "decl": {
          "start": {
            "line": 302,
            "column": 29
          },
          "end": {
            "line": 302,
            "column": 30
          }
        },
        "loc": {
          "start": {
            "line": 302,
            "column": 35
          },
          "end": {
            "line": 302,
            "column": 54
          }
        },
        "line": 302
      },
      "20": {
        "name": "(anonymous_20)",
        "decl": {
          "start": {
            "line": 334,
            "column": 28
          },
          "end": {
            "line": 334,
            "column": 29
          }
        },
        "loc": {
          "start": {
            "line": 334,
            "column": 35
          },
          "end": {
            "line": 334,
            "column": 69
          }
        },
        "line": 334
      },
      "21": {
        "name": "(anonymous_21)",
        "decl": {
          "start": {
            "line": 413,
            "column": 50
          },
          "end": {
            "line": 413,
            "column": 51
          }
        },
        "loc": {
          "start": {
            "line": 413,
            "column": 61
          },
          "end": {
            "line": 415,
            "column": 1
          }
        },
        "line": 413
      },
      "22": {
        "name": "(anonymous_22)",
        "decl": {
          "start": {
            "line": 428,
            "column": 52
          },
          "end": {
            "line": 428,
            "column": 53
          }
        },
        "loc": {
          "start": {
            "line": 428,
            "column": 72
          },
          "end": {
            "line": 435,
            "column": 3
          }
        },
        "line": 428
      },
      "23": {
        "name": "(anonymous_23)",
        "decl": {
          "start": {
            "line": 430,
            "column": 27
          },
          "end": {
            "line": 430,
            "column": 28
          }
        },
        "loc": {
          "start": {
            "line": 430,
            "column": 44
          },
          "end": {
            "line": 434,
            "column": 5
          }
        },
        "line": 430
      },
      "24": {
        "name": "$RefreshReg$",
        "decl": {
          "start": {
            "line": 437,
            "column": 9
          },
          "end": {
            "line": 437,
            "column": 21
          }
        },
        "loc": {
          "start": {
            "line": 437,
            "column": 32
          },
          "end": {
            "line": 439,
            "column": 1
          }
        },
        "line": 437
      },
      "25": {
        "name": "$RefreshSig$",
        "decl": {
          "start": {
            "line": 440,
            "column": 9
          },
          "end": {
            "line": 440,
            "column": 21
          }
        },
        "loc": {
          "start": {
            "line": 440,
            "column": 24
          },
          "end": {
            "line": 442,
            "column": 1
          }
        },
        "line": 440
      }
    },
    "branchMap": {
      "0": {
        "loc": {
          "start": {
            "line": 109,
            "column": 6
          },
          "end": {
            "line": 112,
            "column": 7
          }
        },
        "type": "if",
        "locations": [
          {
            "start": {
              "line": 109,
              "column": 6
            },
            "end": {
              "line": 112,
              "column": 7
            }
          },
          {
            "start": {},
            "end": {}
          }
        ],
        "line": 109
      },
      "1": {
        "loc": {
          "start": {
            "line": 110,
            "column": 17
          },
          "end": {
            "line": 110,
            "column": 48
          }
        },
        "type": "binary-expr",
        "locations": [
          {
            "start": {
              "line": 110,
              "column": 17
            },
            "end": {
              "line": 110,
              "column": 29
            }
          },
          {
            "start": {
              "line": 110,
              "column": 33
            },
            "end": {
              "line": 110,
              "column": 48
            }
          }
        ],
        "line": 110
      },
      "2": {
        "loc": {
          "start": {
            "line": 113,
            "column": 6
          },
          "end": {
            "line": 119,
            "column": 7
          }
        },
        "type": "if",
        "locations": [
          {
            "start": {
              "line": 113,
              "column": 6
            },
            "end": {
              "line": 119,
              "column": 7
            }
          },
          {
            "start": {},
            "end": {}
          }
        ],
        "line": 113
      },
      "3": {
        "loc": {
          "start": {
            "line": 116,
            "column": 8
          },
          "end": {
            "line": 118,
            "column": 28
          }
        },
        "type": "if",
        "locations": [
          {
            "start": {
              "line": 116,
              "column": 8
            },
            "end": {
              "line": 118,
              "column": 28
            }
          },
          {
            "start": {
              "line": 118,
              "column": 10
            },
            "end": {
              "line": 118,
              "column": 28
            }
          }
        ],
        "line": 116
      },
      "4": {
        "loc": {
          "start": {
            "line": 171,
            "column": 14
          },
          "end": {
            "line": 175,
            "column": 22
          }
        },
        "type": "binary-expr",
        "locations": [
          {
            "start": {
              "line": 171,
              "column": 14
            },
            "end": {
              "line": 171,
              "column": 19
            }
          },
          {
            "start": {
              "line": 171,
              "column": 39
            },
            "end": {
              "line": 175,
              "column": 22
            }
          }
        ],
        "line": 171
      },
      "5": {
        "loc": {
          "start": {
            "line": 176,
            "column": 59
          },
          "end": {
            "line": 176,
            "column": 97
          }
        },
        "type": "binary-expr",
        "locations": [
          {
            "start": {
              "line": 176,
              "column": 59
            },
            "end": {
              "line": 176,
              "column": 69
            }
          },
          {
            "start": {
              "line": 176,
              "column": 73
            },
            "end": {
              "line": 176,
              "column": 83
            }
          },
          {
            "start": {
              "line": 176,
              "column": 87
            },
            "end": {
              "line": 176,
              "column": 97
            }
          }
        ],
        "line": 176
      },
      "6": {
        "loc": {
          "start": {
            "line": 202,
            "column": 16
          },
          "end": {
            "line": 206,
            "column": 24
          }
        },
        "type": "binary-expr",
        "locations": [
          {
            "start": {
              "line": 202,
              "column": 16
            },
            "end": {
              "line": 202,
              "column": 24
            }
          },
          {
            "start": {
              "line": 202,
              "column": 44
            },
            "end": {
              "line": 206,
              "column": 24
            }
          }
        ],
        "line": 202
      },
      "7": {
        "loc": {
          "start": {
            "line": 202,
            "column": 106
          },
          "end": {
            "line": 202,
            "column": 148
          }
        },
        "type": "cond-expr",
        "locations": [
          {
            "start": {
              "line": 202,
              "column": 118
            },
            "end": {
              "line": 202,
              "column": 121
            }
          },
          {
            "start": {
              "line": 202,
              "column": 124
            },
            "end": {
              "line": 202,
              "column": 148
            }
          }
        ],
        "line": 202
      },
      "8": {
        "loc": {
          "start": {
            "line": 212,
            "column": 59
          },
          "end": {
            "line": 212,
            "column": 96
          }
        },
        "type": "binary-expr",
        "locations": [
          {
            "start": {
              "line": 212,
              "column": 59
            },
            "end": {
              "line": 212,
              "column": 70
            }
          },
          {
            "start": {
              "line": 212,
              "column": 74
            },
            "end": {
              "line": 212,
              "column": 81
            }
          },
          {
            "start": {
              "line": 212,
              "column": 85
            },
            "end": {
              "line": 212,
              "column": 96
            }
          }
        ],
        "line": 212
      },
      "9": {
        "loc": {
          "start": {
            "line": 238,
            "column": 16
          },
          "end": {
            "line": 242,
            "column": 24
          }
        },
        "type": "binary-expr",
        "locations": [
          {
            "start": {
              "line": 238,
              "column": 16
            },
            "end": {
              "line": 238,
              "column": 21
            }
          },
          {
            "start": {
              "line": 238,
              "column": 41
            },
            "end": {
              "line": 242,
              "column": 24
            }
          }
        ],
        "line": 238
      },
      "10": {
        "loc": {
          "start": {
            "line": 238,
            "column": 100
          },
          "end": {
            "line": 238,
            "column": 147
          }
        },
        "type": "cond-expr",
        "locations": [
          {
            "start": {
              "line": 238,
              "column": 113
            },
            "end": {
              "line": 238,
              "column": 116
            }
          },
          {
            "start": {
              "line": 238,
              "column": 119
            },
            "end": {
              "line": 238,
              "column": 147
            }
          }
        ],
        "line": 238
      },
      "11": {
        "loc": {
          "start": {
            "line": 248,
            "column": 59
          },
          "end": {
            "line": 248,
            "column": 90
          }
        },
        "type": "binary-expr",
        "locations": [
          {
            "start": {
              "line": 248,
              "column": 59
            },
            "end": {
              "line": 248,
              "column": 68
            }
          },
          {
            "start": {
              "line": 248,
              "column": 72
            },
            "end": {
              "line": 248,
              "column": 77
            }
          },
          {
            "start": {
              "line": 248,
              "column": 81
            },
            "end": {
              "line": 248,
              "column": 90
            }
          }
        ],
        "line": 248
      },
      "12": {
        "loc": {
          "start": {
            "line": 268,
            "column": 26
          },
          "end": {
            "line": 268,
            "column": 60
          }
        },
        "type": "cond-expr",
        "locations": [
          {
            "start": {
              "line": 268,
              "column": 41
            },
            "end": {
              "line": 268,
              "column": 47
            }
          },
          {
            "start": {
              "line": 268,
              "column": 50
            },
            "end": {
              "line": 268,
              "column": 60
            }
          }
        ],
        "line": 268
      },
      "13": {
        "loc": {
          "start": {
            "line": 280,
            "column": 112
          },
          "end": {
            "line": 280,
            "column": 214
          }
        },
        "type": "cond-expr",
        "locations": [
          {
            "start": {
              "line": 280,
              "column": 123
            },
            "end": {
              "line": 280,
              "column": 126
            }
          },
          {
            "start": {
              "line": 280,
              "column": 129
            },
            "end": {
              "line": 280,
              "column": 214
            }
          }
        ],
        "line": 280
      },
      "14": {
        "loc": {
          "start": {
            "line": 290,
            "column": 59
          },
          "end": {
            "line": 290,
            "column": 84
          }
        },
        "type": "binary-expr",
        "locations": [
          {
            "start": {
              "line": 290,
              "column": 59
            },
            "end": {
              "line": 290,
              "column": 70
            }
          },
          {
            "start": {
              "line": 290,
              "column": 74
            },
            "end": {
              "line": 290,
              "column": 84
            }
          }
        ],
        "line": 290
      },
      "15": {
        "loc": {
          "start": {
            "line": 317,
            "column": 16
          },
          "end": {
            "line": 321,
            "column": 24
          }
        },
        "type": "binary-expr",
        "locations": [
          {
            "start": {
              "line": 317,
              "column": 16
            },
            "end": {
              "line": 317,
              "column": 19
            }
          },
          {
            "start": {
              "line": 317,
              "column": 39
            },
            "end": {
              "line": 321,
              "column": 24
            }
          }
        ],
        "line": 317
      },
      "16": {
        "loc": {
          "start": {
            "line": 317,
            "column": 104
          },
          "end": {
            "line": 317,
            "column": 174
          }
        },
        "type": "cond-expr",
        "locations": [
          {
            "start": {
              "line": 317,
              "column": 117
            },
            "end": {
              "line": 317,
              "column": 136
            }
          },
          {
            "start": {
              "line": 317,
              "column": 139
            },
            "end": {
              "line": 317,
              "column": 174
            }
          }
        ],
        "line": 317
      },
      "17": {
        "loc": {
          "start": {
            "line": 327,
            "column": 14
          },
          "end": {
            "line": 344,
            "column": 15
          }
        },
        "type": "binary-expr",
        "locations": [
          {
            "start": {
              "line": 327,
              "column": 14
            },
            "end": {
              "line": 327,
              "column": 22
            }
          },
          {
            "start": {
              "line": 327,
              "column": 26
            },
            "end": {
              "line": 327,
              "column": 36
            }
          },
          {
            "start": {
              "line": 327,
              "column": 56
            },
            "end": {
              "line": 344,
              "column": 15
            }
          }
        ],
        "line": 327
      },
      "18": {
        "loc": {
          "start": {
            "line": 356,
            "column": 28
          },
          "end": {
            "line": 356,
            "column": 99
          }
        },
        "type": "binary-expr",
        "locations": [
          {
            "start": {
              "line": 356,
              "column": 28
            },
            "end": {
              "line": 356,
              "column": 39
            }
          },
          {
            "start": {
              "line": 356,
              "column": 43
            },
            "end": {
              "line": 356,
              "column": 53
            }
          },
          {
            "start": {
              "line": 356,
              "column": 57
            },
            "end": {
              "line": 356,
              "column": 68
            }
          },
          {
            "start": {
              "line": 356,
              "column": 72
            },
            "end": {
              "line": 356,
              "column": 81
            }
          },
          {
            "start": {
              "line": 356,
              "column": 85
            },
            "end": {
              "line": 356,
              "column": 99
            }
          }
        ],
        "line": 356
      },
      "19": {
        "loc": {
          "start": {
            "line": 421,
            "column": 20
          },
          "end": {
            "line": 421,
            "column": 97
          }
        },
        "type": "binary-expr",
        "locations": [
          {
            "start": {
              "line": 421,
              "column": 20
            },
            "end": {
              "line": 421,
              "column": 60
            }
          },
          {
            "start": {
              "line": 421,
              "column": 64
            },
            "end": {
              "line": 421,
              "column": 97
            }
          }
        ],
        "line": 421
      },
      "20": {
        "loc": {
          "start": {
            "line": 422,
            "column": 0
          },
          "end": {
            "line": 436,
            "column": 1
          }
        },
        "type": "if",
        "locations": [
          {
            "start": {
              "line": 422,
              "column": 0
            },
            "end": {
              "line": 436,
              "column": 1
            }
          },
          {
            "start": {},
            "end": {}
          }
        ],
        "line": 422
      },
      "21": {
        "loc": {
          "start": {
            "line": 422,
            "column": 4
          },
          "end": {
            "line": 422,
            "column": 35
          }
        },
        "type": "binary-expr",
        "locations": [
          {
            "start": {
              "line": 422,
              "column": 4
            },
            "end": {
              "line": 422,
              "column": 19
            }
          },
          {
            "start": {
              "line": 422,
              "column": 23
            },
            "end": {
              "line": 422,
              "column": 35
            }
          }
        ],
        "line": 422
      },
      "22": {
        "loc": {
          "start": {
            "line": 423,
            "column": 2
          },
          "end": {
            "line": 427,
            "column": 3
          }
        },
        "type": "if",
        "locations": [
          {
            "start": {
              "line": 423,
              "column": 2
            },
            "end": {
              "line": 427,
              "column": 3
            }
          },
          {
            "start": {},
            "end": {}
          }
        ],
        "line": 423
      },
      "23": {
        "loc": {
          "start": {
            "line": 431,
            "column": 6
          },
          "end": {
            "line": 431,
            "column": 31
          }
        },
        "type": "if",
        "locations": [
          {
            "start": {
              "line": 431,
              "column": 6
            },
            "end": {
              "line": 431,
              "column": 31
            }
          },
          {
            "start": {},
            "end": {}
          }
        ],
        "line": 431
      },
      "24": {
        "loc": {
          "start": {
            "line": 433,
            "column": 6
          },
          "end": {
            "line": 433,
            "column": 75
          }
        },
        "type": "if",
        "locations": [
          {
            "start": {
              "line": 433,
              "column": 6
            },
            "end": {
              "line": 433,
              "column": 75
            }
          },
          {
            "start": {},
            "end": {}
          }
        ],
        "line": 433
      }
    },
    "s": {
      "0": 2,
      "1": 2,
      "2": 2,
      "3": 2,
      "4": 16,
      "5": 16,
      "6": 16,
      "7": 16,
      "8": 16,
      "9": 16,
      "10": 16,
      "11": 16,
      "12": 16,
      "13": 16,
      "14": 16,
      "15": 16,
      "16": 16,
      "17": 16,
      "18": 16,
      "19": 16,
      "20": 16,
      "21": 16,
      "22": 16,
      "23": 16,
      "24": 4,
      "25": 4,
      "26": 16,
      "27": 4,
      "28": 4,
      "29": 16,
      "30": 4,
      "31": 4,
      "32": 4,
      "33": 4,
      "34": 0,
      "35": 0,
      "36": 0,
      "37": 0,
      "38": 0,
      "39": 0,
      "40": 0,
      "41": 0,
      "42": 0,
      "43": 0,
      "44": 0,
      "45": 0,
      "46": 0,
      "47": 0,
      "48": 0,
      "49": 0,
      "50": 0,
      "51": 0,
      "52": 0,
      "53": 0,
      "54": 0,
      "55": 0,
      "56": 0,
      "57": 0,
      "58": 0,
      "59": 0,
      "60": 0,
      "61": 0,
      "62": 0,
      "63": 0,
      "64": 16,
      "65": 0,
      "66": 16,
      "67": 0,
      "68": 0,
      "69": 0,
      "70": 0,
      "71": 0,
      "72": 0,
      "73": 0,
      "74": 0,
      "75": 0,
      "76": 0,
      "77": 0,
      "78": 0,
      "79": 0,
      "80": 0,
      "81": 0,
      "82": 0,
      "83": 0,
      "84": 0,
      "85": 0,
      "86": 2,
      "87": 1,
      "88": 2,
      "89": 2,
      "90": 2,
      "91": 2,
      "92": 2,
      "93": 0,
      "94": 2,
      "95": 2,
      "96": 2,
      "97": 0,
      "98": 0,
      "99": 0,
      "100": 0,
      "101": 0,
      "102": 2,
      "103": 2
    },
    "f": {
      "0": 16,
      "1": 4,
      "2": 4,
      "3": 4,
      "4": 0,
      "5": 0,
      "6": 0,
      "7": 0,
      "8": 0,
      "9": 0,
      "10": 0,
      "11": 0,
      "12": 0,
      "13": 0,
      "14": 0,
      "15": 0,
      "16": 0,
      "17": 0,
      "18": 0,
      "19": 0,
      "20": 0,
      "21": 1,
      "22": 2,
      "23": 0,
      "24": 2,
      "25": 2
    },
    "b": {
      "0": [
        0,
        0
      ],
      "1": [
        0,
        0
      ],
      "2": [
        0,
        0
      ],
      "3": [
        0,
        0
      ],
      "4": [
        16,
        0
      ],
      "5": [
        16,
        16,
        0
      ],
      "6": [
        16,
        0
      ],
      "7": [
        0,
        0
      ],
      "8": [
        16,
        16,
        0
      ],
      "9": [
        16,
        0
      ],
      "10": [
        0,
        0
      ],
      "11": [
        16,
        16,
        0
      ],
      "12": [
        16,
        0
      ],
      "13": [
        0,
        16
      ],
      "14": [
        16,
        4
      ],
      "15": [
        16,
        0
      ],
      "16": [
        0,
        0
      ],
      "17": [
        16,
        0,
        0
      ],
      "18": [
        16,
        12,
        0,
        0,
        0
      ],
      "19": [
        2,
        0
      ],
      "20": [
        2,
        0
      ],
      "21": [
        2,
        2
      ],
      "22": [
        0,
        2
      ],
      "23": [
        0,
        0
      ],
      "24": [
        0,
        0
      ]
    },
    "inputSourceMap": {
      "version": 3,
[...]
      "names": [
        "Routes",
        "Route",
        "Header",
        "Footer",
        "Home",
        "About",
        "Faq",
        "Profile",
        "Categories",
        "Feed",
        "CirclePage",
        "PrivacyPolicy",
        "Terms",
        "Category",
        "PostRoute",
        "App",
        "_c",
        "$RefreshReg$"
      ],
      "ignoreList": [],
      "sources": [
        "C:/Users/Hampus/Documents/ITHS/tt-kurs/Labb3/InnerCircle-ts/frontend/src/App.tsx"
      ],
      "file": "C:/Users/Hampus/Documents/ITHS/tt-kurs/Labb3/InnerCircle-ts/frontend/src/App.tsx"
    },
    "_coverageSchema": "1a1c01bbd47fc00a2c39e90264f33305004495a9",
    "hash": "4d883420936a1800f93890d49c19d7bc2ece277b"
  },
  "C:/Users/Hampus/Documents/ITHS/tt-kurs/Labb3/InnerCircle-ts/frontend/src/contexts/UserProvider.tsx": {
    "path": "C:/Users/Hampus/Documents/ITHS/tt-kurs/Labb3/InnerCircle-ts/frontend/src/contexts/UserProvider.tsx",
    "statementMap": {
      "0": {
        "start": {
          "line": 2,
          "column": 9
        },
        "end": {
          "line": 2,
          "column": 23
        }
      },
      "1": {
        "start": {
          "line": 5,
          "column": 28
        },
        "end": {
          "line": 30,
          "column": 1
        }
      },
      "2": {
        "start": {
          "line": 8,
          "column": 2
        },
        "end": {
          "line": 8,
          "column": 7
        }
      },
      "3": {
        "start": {
          "line": 9,
          "column": 30
        },
        "end": {
          "line": 9,
          "column": 42
        }
      },
      "4": {
        "start": {
          "line": 10,
          "column": 2
        },
        "end": {
          "line": 14,
          "column": 9
        }
      },
      "5": {
        "start": {
          "line": 11,
          "column": 17
        },
        "end": {
          "line": 11,
          "column": 47
        }
      },
      "6": {
        "start": {
          "line": 12,
          "column": 4
        },
        "end": {
          "line": 12,
          "column": 52
        }
      },
      "7": {
        "start": {
          "line": 13,
          "column": 4
        },
        "end": {
          "line": 13,
          "column": 26
        }
      },
      "8": {
        "start": {
          "line": 15,
          "column": 16
        },
        "end": {
          "line": 19,
          "column": 3
        }
      },
      "9": {
        "start": {
          "line": 16,
          "column": 4
        },
        "end": {
          "line": 16,
          "column": 41
        }
      },
      "10": {
        "start": {
          "line": 17,
          "column": 4
        },
        "end": {
          "line": 17,
          "column": 20
        }
      },
      "11": {
        "start": {
          "line": 18,
          "column": 4
        },
        "end": {
          "line": 18,
          "column": 41
        }
      },
      "12": {
        "start": {
          "line": 20,
          "column": 17
        },
        "end": {
          "line": 24,
          "column": 3
        }
      },
      "13": {
        "start": {
          "line": 21,
          "column": 4
        },
        "end": {
          "line": 21,
          "column": 38
        }
      },
      "14": {
        "start": {
          "line": 22,
          "column": 4
        },
        "end": {
          "line": 22,
          "column": 18
        }
      },
      "15": {
        "start": {
          "line": 23,
          "column": 4
        },
        "end": {
          "line": 23,
          "column": 35
        }
      },
      "16": {
        "start": {
          "line": 25,
          "column": 2
        },
        "end": {
          "line": 29,
          "column": 11
        }
      },
      "17": {
        "start": {
          "line": 31,
          "column": 0
        },
        "end": {
          "line": 31,
          "column": 49
        }
      },
      "18": {
        "start": {
          "line": 32,
          "column": 0
        },
        "end": {
          "line": 32,
          "column": 18
        }
      },
      "19": {
        "start": {
          "line": 34,
          "column": 0
        },
        "end": {
          "line": 34,
          "column": 33
        }
      },
      "20": {
        "start": {
          "line": 36,
          "column": 20
        },
        "end": {
          "line": 36,
          "column": 97
        }
      },
      "21": {
        "start": {
          "line": 37,
          "column": 0
        },
        "end": {
          "line": 51,
          "column": 1
        }
      },
      "22": {
        "start": {
          "line": 38,
          "column": 2
        },
        "end": {
          "line": 42,
          "column": 3
        }
      },
      "23": {
        "start": {
          "line": 39,
          "column": 4
        },
        "end": {
          "line": 41,
          "column": 6
        }
      },
      "24": {
        "start": {
          "line": 43,
          "column": 2
        },
        "end": {
          "line": 50,
          "column": 5
        }
      },
      "25": {
        "start": {
          "line": 44,
          "column": 4
        },
        "end": {
          "line": 44,
          "column": 168
        }
      },
      "26": {
        "start": {
          "line": 45,
          "column": 4
        },
        "end": {
          "line": 49,
          "column": 7
        }
      },
      "27": {
        "start": {
          "line": 46,
          "column": 6
        },
        "end": {
          "line": 46,
          "column": 31
        }
      },
      "28": {
        "start": {
          "line": 46,
          "column": 24
        },
        "end": {
          "line": 46,
          "column": 31
        }
      },
      "29": {
        "start": {
          "line": 47,
          "column": 32
        },
        "end": {
          "line": 47,
          "column": 217
        }
      },
      "30": {
        "start": {
          "line": 48,
          "column": 6
        },
        "end": {
          "line": 48,
          "column": 75
        }
      },
      "31": {
        "start": {
          "line": 48,
          "column": 29
        },
        "end": {
          "line": 48,
          "column": 75
        }
      },
      "32": {
        "start": {
          "line": 53,
          "column": 2
        },
        "end": {
          "line": 53,
          "column": 147
        }
      },
      "33": {
        "start": {
          "line": 56,
          "column": 2
        },
        "end": {
          "line": 56,
          "column": 62
        }
      }
    },
    "fnMap": {
      "0": {
        "name": "(anonymous_0)",
        "decl": {
          "start": {
            "line": 5,
            "column": 28
          },
          "end": {
            "line": 5,
            "column": 29
          }
        },
        "loc": {
          "start": {
            "line": 7,
            "column": 6
          },
          "end": {
            "line": 30,
            "column": 1
          }
        },
        "line": 7
      },
      "1": {
        "name": "(anonymous_1)",
        "decl": {
          "start": {
            "line": 10,
            "column": 12
          },
          "end": {
            "line": 10,
            "column": 13
          }
        },
        "loc": {
          "start": {
            "line": 10,
            "column": 18
          },
          "end": {
            "line": 14,
            "column": 3
          }
        },
        "line": 10
      },
      "2": {
        "name": "(anonymous_2)",
        "decl": {
          "start": {
            "line": 15,
            "column": 16
          },
          "end": {
            "line": 15,
            "column": 17
          }
        },
        "loc": {
          "start": {
            "line": 15,
            "column": 26
          },
          "end": {
            "line": 19,
            "column": 3
          }
        },
        "line": 15
      },
      "3": {
        "name": "(anonymous_3)",
        "decl": {
          "start": {
            "line": 20,
            "column": 17
          },
          "end": {
            "line": 20,
            "column": 18
          }
        },
        "loc": {
          "start": {
            "line": 20,
            "column": 23
          },
          "end": {
            "line": 24,
            "column": 3
          }
        },
        "line": 20
      },
      "4": {
        "name": "(anonymous_4)",
        "decl": {
          "start": {
            "line": 43,
            "column": 52
          },
          "end": {
            "line": 43,
            "column": 53
          }
        },
        "loc": {
          "start": {
            "line": 43,
            "column": 72
          },
          "end": {
            "line": 50,
            "column": 3
          }
        },
        "line": 43
      },
      "5": {
        "name": "(anonymous_5)",
        "decl": {
          "start": {
            "line": 45,
            "column": 27
          },
          "end": {
            "line": 45,
            "column": 28
          }
        },
        "loc": {
          "start": {
            "line": 45,
            "column": 44
          },
          "end": {
            "line": 49,
            "column": 5
          }
        },
        "line": 45
      },
      "6": {
        "name": "$RefreshReg$",
        "decl": {
          "start": {
            "line": 52,
            "column": 9
          },
          "end": {
            "line": 52,
            "column": 21
          }
        },
        "loc": {
          "start": {
            "line": 52,
            "column": 32
          },
          "end": {
            "line": 54,
            "column": 1
          }
        },
        "line": 52
      },
      "7": {
        "name": "$RefreshSig$",
        "decl": {
          "start": {
            "line": 55,
            "column": 9
          },
          "end": {
            "line": 55,
            "column": 21
          }
        },
        "loc": {
          "start": {
            "line": 55,
            "column": 24
          },
          "end": {
            "line": 57,
            "column": 1
          }
        },
        "line": 55
      }
    },
    "branchMap": {
      "0": {
        "loc": {
          "start": {
            "line": 13,
            "column": 14
          },
          "end": {
            "line": 13,
            "column": 24
          }
        },
        "type": "binary-expr",
        "locations": [
          {
            "start": {
              "line": 13,
              "column": 14
            },
            "end": {
              "line": 13,
              "column": 18
            }
          },
          {
            "start": {
              "line": 13,
              "column": 22
            },
            "end": {
              "line": 13,
              "column": 24
            }
          }
        ],
        "line": 13
      },
      "1": {
        "loc": {
          "start": {
            "line": 36,
            "column": 20
          },
          "end": {
            "line": 36,
            "column": 97
          }
        },
        "type": "binary-expr",
        "locations": [
          {
            "start": {
              "line": 36,
              "column": 20
            },
            "end": {
              "line": 36,
              "column": 60
            }
          },
          {
            "start": {
              "line": 36,
              "column": 64
            },
            "end": {
              "line": 36,
              "column": 97
            }
          }
        ],
        "line": 36
      },
      "2": {
        "loc": {
          "start": {
            "line": 37,
            "column": 0
          },
          "end": {
            "line": 51,
            "column": 1
          }
        },
        "type": "if",
        "locations": [
          {
            "start": {
              "line": 37,
              "column": 0
            },
            "end": {
              "line": 51,
              "column": 1
            }
          },
          {
            "start": {},
            "end": {}
          }
        ],
        "line": 37
      },
      "3": {
        "loc": {
          "start": {
            "line": 37,
            "column": 4
          },
          "end": {
            "line": 37,
            "column": 35
          }
        },
        "type": "binary-expr",
        "locations": [
          {
            "start": {
              "line": 37,
              "column": 4
            },
            "end": {
              "line": 37,
              "column": 19
            }
          },
          {
            "start": {
              "line": 37,
              "column": 23
            },
            "end": {
              "line": 37,
              "column": 35
            }
          }
        ],
        "line": 37
      },
      "4": {
        "loc": {
          "start": {
            "line": 38,
            "column": 2
          },
          "end": {
            "line": 42,
            "column": 3
          }
        },
        "type": "if",
        "locations": [
          {
            "start": {
              "line": 38,
              "column": 2
            },
            "end": {
              "line": 42,
              "column": 3
            }
          },
          {
            "start": {},
            "end": {}
          }
        ],
        "line": 38
      },
      "5": {
        "loc": {
          "start": {
            "line": 46,
            "column": 6
          },
          "end": {
            "line": 46,
            "column": 31
          }
        },
        "type": "if",
        "locations": [
          {
            "start": {
              "line": 46,
              "column": 6
            },
            "end": {
              "line": 46,
              "column": 31
            }
          },
          {
            "start": {},
            "end": {}
          }
        ],
        "line": 46
      },
      "6": {
        "loc": {
          "start": {
            "line": 48,
            "column": 6
          },
          "end": {
            "line": 48,
            "column": 75
          }
        },
        "type": "if",
        "locations": [
          {
            "start": {
              "line": 48,
              "column": 6
            },
            "end": {
              "line": 48,
              "column": 75
            }
          },
          {
            "start": {},
            "end": {}
          }
        ],
        "line": 48
      }
    },
    "s": {
      "0": 2,
      "1": 2,
      "2": 8,
      "3": 8,
      "4": 8,
      "5": 4,
      "6": 4,
      "7": 4,
      "8": 8,
      "9": 1,
      "10": 1,
      "11": 1,
      "12": 8,
      "13": 0,
      "14": 0,
      "15": 0,
      "16": 8,
      "17": 2,
      "18": 2,
      "19": 2,
      "20": 2,
      "21": 2,
      "22": 2,
      "23": 0,
      "24": 2,
      "25": 2,
      "26": 2,
      "27": 0,
      "28": 0,
      "29": 0,
      "30": 0,
      "31": 0,
      "32": 2,
      "33": 2
    },
    "f": {
      "0": 8,
      "1": 4,
      "2": 1,
      "3": 0,
      "4": 2,
      "5": 0,
      "6": 2,
      "7": 2
    },
    "b": {
      "0": [
        4,
        2
      ],
      "1": [
        2,
        0
      ],
      "2": [
        2,
        0
      ],
      "3": [
        2,
        2
      ],
      "4": [
        0,
        2
      ],
      "5": [
        0,
        0
      ],
      "6": [
        0,
        0
      ]
    },
    "inputSourceMap": {
      "version": 3,
      "mappings": "AA4BI;;AA3BJ,SAASA,UAAUC,iBAAiB;AACpC,SAASC,mBAAmB;AAErB,aAAMC,eAAwDA,CAAC;AAAA,EACpEC;AACF,MAAM;AAAAC,KAAA;AACJ,QAAM,CAACC,QAAQC,SAAS,IAAIP,SAAiB,EAAE;AAE/CC,YAAU,MAAM;AACd,UAAMO,OAAOC,aAAaC,QAAQ,QAAQ;AAC1CC,YAAQC,IAAI,8BAA8BJ,IAAI;AAC9CD,cAAUC,QAAQ,EAAE;AAAA,EACtB,GAAG,EAAE;AAEL,QAAMK,QAAQA,CAACL,SAAiB;AAC9BC,iBAAaK,QAAQ,UAAUN,IAAI;AACnCD,cAAUC,IAAI;AACdG,YAAQC,IAAI,mBAAmBJ,IAAI;AAAA,EACrC;AAEA,QAAMO,SAASA,MAAM;AACnBN,iBAAaO,WAAW,QAAQ;AAChCT,cAAU,EAAE;AACZI,YAAQC,IAAI,iBAAiB;AAAA,EAC/B;AAEA,SACE,uBAAC,YAAY,UAAZ,EAAqB,OAAO,EAAEN,QAAQO,OAAOE,OAAO,GAClDX,YADH;AAAA;AAAA;AAAA;AAAA,SAEA;AAEJ;AAAEC,GA5BWF,cAAqD;AAAAc,KAArDd;AAAqD,IAAAc;AAAAC,aAAAD,IAAA",
      "names": [
        "useState",
        "useEffect",
        "UserContext",
        "UserProvider",
        "children",
        "_s",
        "userId",
        "setUserId",
        "uuid",
        "localStorage",
        "getItem",
        "console",
        "log",
        "login",
        "setItem",
        "logout",
        "removeItem",
        "_c",
        "$RefreshReg$"
      ],
      "ignoreList": [],
      "sources": [
        "C:/Users/Hampus/Documents/ITHS/tt-kurs/Labb3/InnerCircle-ts/frontend/src/contexts/UserProvider.tsx"
      ],
      "file": "C:/Users/Hampus/Documents/ITHS/tt-kurs/Labb3/InnerCircle-ts/frontend/src/contexts/UserProvider.tsx"
    },
    "_coverageSchema": "1a1c01bbd47fc00a2c39e90264f33305004495a9",
    "hash": "d3b9ae199463a2803f52b1266c396d150f9cb1d1"
  },
  "C:/Users/Hampus/Documents/ITHS/tt-kurs/Labb3/InnerCircle-ts/frontend/src/main.tsx": {
    "path": "C:/Users/Hampus/Documents/ITHS/tt-kurs/Labb3/InnerCircle-ts/frontend/src/main.tsx",
    "statementMap": {
      "0": {
        "start": {
          "line": 10,
          "column": 0
        },
        "end": {
          "line": 32,
          "column": 2
        }
      }
    },
    "fnMap": {},
    "branchMap": {},
    "s": {
      "0": 2
    },
    "f": {},
    "b": {},
    "inputSourceMap": {
      "version": 3,
      "mappings": "AAcU;AAdV,SAASA,kBAAkB;AAC3B,SAASC,kBAAkB;AAC3B,SAASC,qBAAqB;AAC9B,SAASC,uBAAuB;AAChC,OAAOC,WAAW;AAClB,OAAO;AACP,OAAOC,SAAS;AAChB,SAASC,oBAAoB;AAE7BL,WAAWM,SAASC,eAAe,MAAM,CAAC,EAAEC;AAAAA,EAC1C,uBAAC,cACC,iCAAC,mBAAgB,aAAY,QAAO,OAClC,iCAAC,gBACC,iCAAC,iBACC,iCAAC,SAAD;AAAA;AAAA;AAAA;AAAA,SAAI,KADN;AAAA;AAAA;AAAA;AAAA,SAEA,KAHF;AAAA;AAAA;AAAA;AAAA,SAIA,KALF;AAAA;AAAA;AAAA;AAAA,SAMA,KAPF;AAAA;AAAA;AAAA;AAAA,SAQA;AACF",
      "names": [
        "StrictMode",
        "createRoot",
        "BrowserRouter",
        "CssVarsProvider",
        "theme",
        "App",
        "UserProvider",
        "document",
        "getElementById",
        "render"
      ],
      "ignoreList": [],
      "sources": [
        "C:/Users/Hampus/Documents/ITHS/tt-kurs/Labb3/InnerCircle-ts/frontend/src/main.tsx"
      ],
      "file": "C:/Users/Hampus/Documents/ITHS/tt-kurs/Labb3/InnerCircle-ts/frontend/src/main.tsx"
    },
    "_coverageSchema": "1a1c01bbd47fc00a2c39e90264f33305004495a9",
    "hash": "5312c4e871e72590defac288372e296bdc1b928d"
  }
}